1267 dazgzomzwcix
816 hpaqmeayouhe
1399 bmdxvycebvbaivc
1880 dazgzomzwcix
816 hpaqmeayouhe
1399 bmdxvycebvbaivc
1880 dazgzomzwcix
2653 omryklfnwa
3116 fwdtartngvotfe
1921 bmdxvycebvbaivc
2222 hpaqmeayouhe
3039 dazgzomzwcix
3116 fwdtartngvotfe
941 sfbfnrfhhkur
2152 dazgzomzwcix
121 lgxnvlgprnbp
470 ftxltixslae
941 sfbfnrfhhkur
122 ftxltixslae
523 motvkvgryswbt
941 sfbfnrfhhkur
2152 dazgzomzwcix
523 motvkvgryswbt
941 sfbfnrfhhkur
739 ftxltixslae
1823 motvkvgryswbt
729 sfbfnrfhhkur
739 ftxltixslae
1140 motvkvgryswbt
272 bmdxvycebvbaivc
646 motvkvgryswbt
670 ftxltixslae
729 sfbfnrfhhkur
844 bmdxvycebvbaivc
646 motvkvgryswbt
670 ftxltixslae
729 sfbfnrfhhkur
844 bmdxvycebvbaivc
646 motvkvgryswbt
670 ftxltixslae
729 sfbfnrfhhkur
844 bmdxvycebvbaivc
646 motvkvgryswbt
670 ftxltixslae
729 sfbfnrfhhkur
844 bmdxvycebvbaivc
646 motvkvgryswbt
766 ftxltixslae
882 bmdxvycebvbaivc
1123 hpaqmeayouhe
766 ftxltixslae
1089 motvkvgryswbt
1123 hpaqmeayouhe
1957 bmdxvycebvbaivc
2492 sfbfnrfhhkur
498 fwdtartngvotfe
766 ftxltixslae
840 fwdtartngvotfe
1957 bmdxvycebvbaivc
2376 motvkvgryswbt
2425 hpaqmeayouhe
257 dazgzomzwcix
993 fwdtartngvotfe
1500 ftxltixslae
2072 bmdxvycebvbaivc
993 fwdtartngvotfe
1500 ftxltixslae
993 fwdtartngvotfe
1132 sfbfnrfhhkur
1206 dazgzomzwcix
993 fwdtartngvotfe
1132 sfbfnrfhhkur
1175 ftxltixslae
1206 dazgzomzwcix
993 fwdtartngvotfe
1132 sfbfnrfhhkur
1175 ftxltixslae
1206 dazgzomzwcix
2494 bmdxvycebvbaivc
993 fwdtartngvotfe
1132 sfbfnrfhhkur
2037 dazgzomzwcix
2091 ftxltixslae
993 fwdtartngvotfe
1132 sfbfnrfhhkur
213 cmnbbthnde
1184 fwdtartngvotfe
2049 sfbfnrfhhkur
2671 dazgzomzwcix
2760 ftxltixslae
1184 fwdtartngvotfe
1184 fwdtartngvotfe
1184 fwdtartngvotfe
2049 sfbfnrfhhkur
616 cmnbbthnde
1273 dazgzomzwcix
1469 ftxltixslae
2562 cmnbbthnde
1273 dazgzomzwcix
1469 ftxltixslae
2562 cmnbbthnde
1273 dazgzomzwcix
2039 hpaqmeayouhe
2476 dazgzomzwcix
2483 cmnbbthnde
2553 ftxltixslae
1138 bmdxvycebvbaivc
2260 hpaqmeayouhe
2426 ftxltixslae
2476 dazgzomzwcix
2483 cmnbbthnde
1138 bmdxvycebvbaivc
2260 hpaqmeayouhe
2426 ftxltixslae
2476 dazgzomzwcix
2483 cmnbbthnde
1805 bmdxvycebvbaivc
2260 hpaqmeayouhe
2654 cmnbbthnde
3188 dazgzomzwcix
3220 ftxltixslae
667 omryklfnwa
1117 dazgzomzwcix
667 omryklfnwa
1196 dazgzomzwcix
1196 dazgzomzwcix
1626 omryklfnwa
1805 bmdxvycebvbaivc
1196 dazgzomzwcix
1096 cmnbbthnde
1130 dazgzomzwcix
1096 cmnbbthnde
1532 dazgzomzwcix
1820 fwdtartngvotfe
2068 sfbfnrfhhkur
960 hpaqmeayouhe
1532 dazgzomzwcix
2068 sfbfnrfhhkur
2091 cmnbbthnde
960 hpaqmeayouhe
416 lgxnvlgprnbp
960 hpaqmeayouhe
1847 dazgzomzwcix
2068 sfbfnrfhhkur
910 lgxnvlgprnbp
569 omryklfnwa
1267 lgxnvlgprnbp
569 omryklfnwa
1493 ftxltixslae
1847 lgxnvlgprnbp
569 omryklfnwa
1493 ftxltixslae
1847 lgxnvlgprnbp
569 omryklfnwa
1493 ftxltixslae
2456 lgxnvlgprnbp
3080 sfbfnrfhhkur
819 omryklfnwa
1856 ftxltixslae
1776 omryklfnwa
2975 omryklfnwa
3169 lgxnvlgprnbp
3324 ftxltixslae
1507 omryklfnwa
2231 omryklfnwa
2231 omryklfnwa
1839 fwdtartngvotfe
2166 sfbfnrfhhkur
2522 omryklfnwa
2169 fwdtartngvotfe
2246 cmnbbthnde
2873 lgxnvlgprnbp
799 bmdxvycebvbaivc
799 bmdxvycebvbaivc
1782 motvkvgryswbt
2697 cmnbbthnde
1358 bmdxvycebvbaivc
1617 bmdxvycebvbaivc
3228 dazgzomzwcix
1617 bmdxvycebvbaivc
3228 dazgzomzwcix
1617 bmdxvycebvbaivc
442 lgxnvlgprnbp
1104 lgxnvlgprnbp
863 cmnbbthnde
1104 lgxnvlgprnbp
1509 dazgzomzwcix
1104 lgxnvlgprnbp
1509 dazgzomzwcix
1688 cmnbbthnde
1104 lgxnvlgprnbp
1658 dazgzomzwcix
2506 cmnbbthnde
1104 lgxnvlgprnbp
1104 lgxnvlgprnbp
1104 lgxnvlgprnbp
2542 cmnbbthnde
3524 dazgzomzwcix
1104 lgxnvlgprnbp
1319 lgxnvlgprnbp
2542 cmnbbthnde
1604 lgxnvlgprnbp
2083 lgxnvlgprnbp
1739 cmnbbthnde
2031 cmnbbthnde
2031 cmnbbthnde
2031 cmnbbthnde
667 dazgzomzwcix
667 dazgzomzwcix
667 dazgzomzwcix
667 dazgzomzwcix
1032 dazgzomzwcix
96 hpaqmeayouhe
801 hpaqmeayouhe
1268 dazgzomzwcix
955 hpaqmeayouhe
1882 dazgzomzwcix
955 hpaqmeayouhe
1882 dazgzomzwcix
955 hpaqmeayouhe
1877 hpaqmeayouhe
2841 dazgzomzwcix
2625 hpaqmeayouhe
3314 cmnbbthnde
3405 hpaqmeayouhe
3314 cmnbbthnde
3434 hpaqmeayouhe
3700 dazgzomzwcix
2130 bmdxvycebvbaivc
2640 cmnbbthnde
2130 bmdxvycebvbaivc
2462 bmdxvycebvbaivc
1375 hpaqmeayouhe
1828 motvkvgryswbt
2462 bmdxvycebvbaivc
2570 motvkvgryswbt
2570 motvkvgryswbt
2570 motvkvgryswbt
2776 motvkvgryswbt
911 sfbfnrfhhkur
2658 ftxltixslae
2776 motvkvgryswbt
1289 sfbfnrfhhkur
1289 sfbfnrfhhkur
3002 sfbfnrfhhkur
966 fwdtartngvotfe
998 fwdtartngvotfe
1327 fwdtartngvotfe
1327 fwdtartngvotfe
1327 fwdtartngvotfe
2860 fwdtartngvotfe
2214 lgxnvlgprnbp
2326 hpaqmeayouhe
2251 lgxnvlgprnbp
2743 hpaqmeayouhe
3130 bmdxvycebvbaivc
3426 hpaqmeayouhe
3130 bmdxvycebvbaivc
1310 cmnbbthnde
1310 cmnbbthnde
1310 cmnbbthnde
1310 cmnbbthnde
1310 cmnbbthnde
1310 cmnbbthnde
2286 cmnbbthnde
2297 motvkvgryswbt
2297 motvkvgryswbt
2297 motvkvgryswbt
1272 sfbfnrfhhkur
1272 sfbfnrfhhkur
1272 sfbfnrfhhkur
1596 sfbfnrfhhkur
1596 sfbfnrfhhkur
1596 sfbfnrfhhkur
1596 sfbfnrfhhkur
1596 sfbfnrfhhkur
1596 sfbfnrfhhkur
1605 sfbfnrfhhkur
2190 sfbfnrfhhkur
2254 fwdtartngvotfe
1894 fwdtartngvotfe
1894 fwdtartngvotfe
2899 fwdtartngvotfe
2899 fwdtartngvotfe
1586 fwdtartngvotfe
3042 hpaqmeayouhe
2426 dazgzomzwcix
3464 dazgzomzwcix
2287 dazgzomzwcix
2847 bmdxvycebvbaivc
2287 dazgzomzwcix
2847 bmdxvycebvbaivc
2970 bmdxvycebvbaivc
1142 fwdtartngvotfe
2775 fwdtartngvotfe
2948 fwdtartngvotfe
282 lgxnvlgprnbp
282 lgxnvlgprnbp
1514 lgxnvlgprnbp
1514 lgxnvlgprnbp
1514 lgxnvlgprnbp
3200 lgxnvlgprnbp
400 lgxnvlgprnbp
400 lgxnvlgprnbp
400 lgxnvlgprnbp
400 lgxnvlgprnbp
939 lgxnvlgprnbp
1355 lgxnvlgprnbp
1957 sfbfnrfhhkur
1957 sfbfnrfhhkur
1957 sfbfnrfhhkur
2737 sfbfnrfhhkur
2737 sfbfnrfhhkur
1061 ftxltixslae
1061 ftxltixslae
3493 sfbfnrfhhkur
1347 ftxltixslae
1347 ftxltixslae
1347 ftxltixslae
1422 ftxltixslae
1422 ftxltixslae
1422 ftxltixslae
1422 ftxltixslae
1422 ftxltixslae
1422 ftxltixslae
1455 ftxltixslae
1455 ftxltixslae
1455 ftxltixslae
2056 ftxltixslae
2056 ftxltixslae
2056 ftxltixslae
1408 omryklfnwa
1583 omryklfnwa
1583 omryklfnwa
1583 omryklfnwa
1356 dazgzomzwcix
1356 dazgzomzwcix
2374 omryklfnwa
1356 dazgzomzwcix
2374 omryklfnwa
1852 dazgzomzwcix
2374 omryklfnwa
779 sfbfnrfhhkur
997 sfbfnrfhhkur
1940 sfbfnrfhhkur
2374 omryklfnwa
1940 sfbfnrfhhkur
2374 omryklfnwa
1940 sfbfnrfhhkur
2829 hpaqmeayouhe
2829 hpaqmeayouhe
2829 hpaqmeayouhe
2443 ftxltixslae
2443 ftxltixslae
2443 ftxltixslae
2707 ftxltixslae
1610 bmdxvycebvbaivc
2696 bmdxvycebvbaivc
317 sfbfnrfhhkur
317 sfbfnrfhhkur
317 sfbfnrfhhkur
1745 sfbfnrfhhkur
1745 sfbfnrfhhkur
1745 sfbfnrfhhkur
1925 sfbfnrfhhkur
1925 sfbfnrfhhkur
1925 sfbfnrfhhkur
2184 sfbfnrfhhkur
2184 sfbfnrfhhkur
2787 sfbfnrfhhkur
1700 omryklfnwa
1700 omryklfnwa
1700 omryklfnwa
1700 omryklfnwa
1700 omryklfnwa
1700 omryklfnwa
1700 omryklfnwa
2174 omryklfnwa
1130 fwdtartngvotfe
602 fwdtartngvotfe
602 fwdtartngvotfe
602 fwdtartngvotfe
1332 ftxltixslae
2935 fwdtartngvotfe
2288 ftxltixslae
2288 ftxltixslae
2288 ftxltixslae
2298 dazgzomzwcix
2298 dazgzomzwcix
617 lgxnvlgprnbp
617 lgxnvlgprnbp
2073 lgxnvlgprnbp
3235 dazgzomzwcix
2073 lgxnvlgprnbp
2073 lgxnvlgprnbp
2965 lgxnvlgprnbp
2965 lgxnvlgprnbp
2965 lgxnvlgprnbp
3088 lgxnvlgprnbp
3088 lgxnvlgprnbp
2421 lgxnvlgprnbp
2421 lgxnvlgprnbp
3132 lgxnvlgprnbp
765 cmnbbthnde
765 cmnbbthnde
1225 cmnbbthnde
1662 cmnbbthnde
2438 cmnbbthnde
2438 cmnbbthnde
2438 cmnbbthnde
2294 sfbfnrfhhkur
2294 sfbfnrfhhkur
1467 motvkvgryswbt
1467 motvkvgryswbt
2709 motvkvgryswbt
2849 motvkvgryswbt
2849 motvkvgryswbt
1318 cmnbbthnde
1318 cmnbbthnde
2597 cmnbbthnde
2597 cmnbbthnde
159 dazgzomzwcix
478 dazgzomzwcix
1842 dazgzomzwcix
1842 dazgzomzwcix
1842 dazgzomzwcix
1842 dazgzomzwcix
2107 dazgzomzwcix
2107 dazgzomzwcix
2607 lgxnvlgprnbp
1083 bmdxvycebvbaivc
1663 bmdxvycebvbaivc
2946 bmdxvycebvbaivc
2467 ftxltixslae
2467 ftxltixslae
1273 bmdxvycebvbaivc
1490 sfbfnrfhhkur
1273 bmdxvycebvbaivc
1273 bmdxvycebvbaivc
1273 bmdxvycebvbaivc
1792 bmdxvycebvbaivc
3225 sfbfnrfhhkur
1792 bmdxvycebvbaivc
1792 bmdxvycebvbaivc
2718 bmdxvycebvbaivc
3054 bmdxvycebvbaivc
1838 sfbfnrfhhkur
1838 sfbfnrfhhkur
1838 sfbfnrfhhkur
1838 sfbfnrfhhkur
2672 sfbfnrfhhkur
2672 sfbfnrfhhkur
1147 sfbfnrfhhkur
1147 sfbfnrfhhkur
2595 sfbfnrfhhkur
2595 sfbfnrfhhkur
3552 sfbfnrfhhkur
1866 lgxnvlgprnbp
2165 lgxnvlgprnbp
616 fwdtartngvotfe
616 fwdtartngvotfe
616 fwdtartngvotfe
1755 fwdtartngvotfe
1755 fwdtartngvotfe
1868 fwdtartngvotfe
1868 fwdtartngvotfe
3096 hpaqmeayouhe
2987 ftxltixslae
2987 ftxltixslae
1977 omryklfnwa
1977 omryklfnwa
2373 ftxltixslae
1977 omryklfnwa
1977 omryklfnwa
1977 omryklfnwa
2640 omryklfnwa
1744 fwdtartngvotfe
1744 fwdtartngvotfe
1744 fwdtartngvotfe
3670 fwdtartngvotfe
2306 ftxltixslae
2953 ftxltixslae
1964 bmdxvycebvbaivc
882 hpaqmeayouhe
1765 hpaqmeayouhe
2177 hpaqmeayouhe
2177 hpaqmeayouhe
2177 hpaqmeayouhe
801 cmnbbthnde
2907 cmnbbthnde
1668 hpaqmeayouhe
1668 hpaqmeayouhe
1668 hpaqmeayouhe
1761 hpaqmeayouhe
1761 hpaqmeayouhe
1761 hpaqmeayouhe
1761 hpaqmeayouhe
2372 hpaqmeayouhe
2510 hpaqmeayouhe
2510 hpaqmeayouhe
574 sfbfnrfhhkur
2264 sfbfnrfhhkur
2264 sfbfnrfhhkur
2264 sfbfnrfhhkur
2264 sfbfnrfhhkur
1031 sfbfnrfhhkur
1031 sfbfnrfhhkur
1031 sfbfnrfhhkur
2015 sfbfnrfhhkur
2015 sfbfnrfhhkur
2015 sfbfnrfhhkur
3557 sfbfnrfhhkur
2310 motvkvgryswbt
2310 motvkvgryswbt
2480 sfbfnrfhhkur
2480 sfbfnrfhhkur
2615 hpaqmeayouhe
1495 ftxltixslae
1495 ftxltixslae
1495 ftxltixslae
1896 ftxltixslae
1896 ftxltixslae
1896 ftxltixslae
1896 ftxltixslae
545 hpaqmeayouhe
545 hpaqmeayouhe
545 hpaqmeayouhe
545 hpaqmeayouhe
545 hpaqmeayouhe
1404 hpaqmeayouhe
2093 hpaqmeayouhe
2093 hpaqmeayouhe
1565 lgxnvlgprnbp
1565 lgxnvlgprnbp
2502 lgxnvlgprnbp
2502 lgxnvlgprnbp
2502 lgxnvlgprnbp
2502 lgxnvlgprnbp
2910 ftxltixslae
2996 sfbfnrfhhkur
722 cmnbbthnde
850 cmnbbthnde
882 cmnbbthnde
882 cmnbbthnde
882 cmnbbthnde
882 cmnbbthnde
882 cmnbbthnde
882 cmnbbthnde
882 cmnbbthnde
1656 cmnbbthnde
1866 cmnbbthnde
2170 cmnbbthnde
2170 cmnbbthnde
2170 cmnbbthnde
2841 cmnbbthnde
2290 omryklfnwa
2290 omryklfnwa
2290 omryklfnwa
2290 omryklfnwa
2922 dazgzomzwcix
2922 dazgzomzwcix
3087 fwdtartngvotfe
3087 fwdtartngvotfe
2613 bmdxvycebvbaivc
1678 lgxnvlgprnbp
2216 lgxnvlgprnbp
2963 lgxnvlgprnbp
2963 lgxnvlgprnbp
2963 lgxnvlgprnbp
1229 fwdtartngvotfe
1229 fwdtartngvotfe
1229 fwdtartngvotfe
1229 fwdtartngvotfe
1581 fwdtartngvotfe
1980 fwdtartngvotfe
2253 fwdtartngvotfe
2253 fwdtartngvotfe
1069 omryklfnwa
1291 omryklfnwa
1291 omryklfnwa
1480 omryklfnwa
1480 omryklfnwa
1480 omryklfnwa
1480 omryklfnwa
1480 omryklfnwa
1480 omryklfnwa
1533 omryklfnwa
1533 omryklfnwa
2636 omryklfnwa
1048 omryklfnwa
1048 omryklfnwa
1048 omryklfnwa
1048 omryklfnwa
1048 omryklfnwa
1048 omryklfnwa
1073 omryklfnwa
1073 omryklfnwa
1073 omryklfnwa
1073 omryklfnwa
1073 omryklfnwa
1073 omryklfnwa
1073 omryklfnwa
1073 omryklfnwa
1073 omryklfnwa
1073 omryklfnwa
1073 omryklfnwa
1073 omryklfnwa
1073 omryklfnwa
1073 omryklfnwa
1073 omryklfnwa
1723 omryklfnwa
2482 omryklfnwa
2482 omryklfnwa
877 fwdtartngvotfe
877 fwdtartngvotfe
877 fwdtartngvotfe
877 fwdtartngvotfe
877 fwdtartngvotfe
877 fwdtartngvotfe
1091 fwdtartngvotfe
2012 fwdtartngvotfe
3242 fwdtartngvotfe
2232 hpaqmeayouhe
963 fwdtartngvotfe
963 fwdtartngvotfe
1458 fwdtartngvotfe
1458 fwdtartngvotfe
2099 fwdtartngvotfe
2920 fwdtartngvotfe
2920 fwdtartngvotfe
1505 lgxnvlgprnbp
1505 lgxnvlgprnbp
2493 lgxnvlgprnbp
2400 lgxnvlgprnbp
2400 lgxnvlgprnbp
2298 ftxltixslae
3205 ftxltixslae
2450 omryklfnwa
2154 lgxnvlgprnbp
893 ftxltixslae
893 ftxltixslae
1243 ftxltixslae
2869 ftxltixslae
2913 ftxltixslae
382 omryklfnwa
1043 omryklfnwa
1043 omryklfnwa
1062 omryklfnwa
1062 omryklfnwa
2675 omryklfnwa
2675 omryklfnwa
1244 sfbfnrfhhkur
1244 sfbfnrfhhkur
1244 sfbfnrfhhkur
1244 sfbfnrfhhkur
1555 sfbfnrfhhkur
1555 sfbfnrfhhkur
1637 sfbfnrfhhkur
1637 sfbfnrfhhkur
1637 sfbfnrfhhkur
2080 sfbfnrfhhkur
2080 sfbfnrfhhkur
2080 sfbfnrfhhkur
2186 sfbfnrfhhkur
2186 sfbfnrfhhkur
3090 sfbfnrfhhkur
3585 sfbfnrfhhkur
1566 fwdtartngvotfe
1631 fwdtartngvotfe
2057 fwdtartngvotfe
2835 fwdtartngvotfe
1596 bmdxvycebvbaivc
1596 bmdxvycebvbaivc
2596 bmdxvycebvbaivc
2596 bmdxvycebvbaivc
2596 bmdxvycebvbaivc
2596 bmdxvycebvbaivc
2596 bmdxvycebvbaivc
724 fwdtartngvotfe
2095 fwdtartngvotfe
3250 fwdtartngvotfe
821 sfbfnrfhhkur
821 sfbfnrfhhkur
821 sfbfnrfhhkur
1808 sfbfnrfhhkur
1808 sfbfnrfhhkur
2566 sfbfnrfhhkur
3548 sfbfnrfhhkur
3548 sfbfnrfhhkur
903 hpaqmeayouhe
937 hpaqmeayouhe
1332 hpaqmeayouhe
1332 hpaqmeayouhe
1332 hpaqmeayouhe
1332 hpaqmeayouhe
2760 hpaqmeayouhe
2760 hpaqmeayouhe
3562 hpaqmeayouhe
1394 motvkvgryswbt
2619 motvkvgryswbt
2619 motvkvgryswbt
2619 motvkvgryswbt
2951 motvkvgryswbt
2688 fwdtartngvotfe
2688 fwdtartngvotfe
2666 lgxnvlgprnbp
1529 bmdxvycebvbaivc
1746 bmdxvycebvbaivc
1746 bmdxvycebvbaivc
1746 bmdxvycebvbaivc
1746 bmdxvycebvbaivc
1746 bmdxvycebvbaivc
2331 fwdtartngvotfe
2262 ftxltixslae
2684 ftxltixslae
1408 sfbfnrfhhkur
1479 sfbfnrfhhkur
1479 sfbfnrfhhkur
2007 sfbfnrfhhkur
2007 sfbfnrfhhkur
2229 sfbfnrfhhkur
2703 sfbfnrfhhkur
2703 sfbfnrfhhkur
2703 sfbfnrfhhkur
2278 omryklfnwa
2840 omryklfnwa
2840 omryklfnwa
969 sfbfnrfhhkur
1532 sfbfnrfhhkur
1532 sfbfnrfhhkur
1532 sfbfnrfhhkur
1532 sfbfnrfhhkur
1532 sfbfnrfhhkur
1532 sfbfnrfhhkur
1532 sfbfnrfhhkur
1532 sfbfnrfhhkur
1532 sfbfnrfhhkur
2818 sfbfnrfhhkur
2818 sfbfnrfhhkur
1488 motvkvgryswbt
1980 lgxnvlgprnbp
2415 lgxnvlgprnbp
2415 lgxnvlgprnbp
2415 lgxnvlgprnbp
2415 lgxnvlgprnbp
2415 lgxnvlgprnbp
2415 lgxnvlgprnbp
2146 motvkvgryswbt
2146 motvkvgryswbt
2412 motvkvgryswbt
2994 motvkvgryswbt
841 hpaqmeayouhe
841 hpaqmeayouhe
1558 hpaqmeayouhe
1558 hpaqmeayouhe
1558 hpaqmeayouhe
1985 hpaqmeayouhe
1985 hpaqmeayouhe
1985 hpaqmeayouhe
2541 hpaqmeayouhe
1851 dazgzomzwcix
1851 dazgzomzwcix
2000 dazgzomzwcix
2000 dazgzomzwcix
2609 dazgzomzwcix
1013 hpaqmeayouhe
1013 hpaqmeayouhe
1013 hpaqmeayouhe
1013 hpaqmeayouhe
1337 hpaqmeayouhe
1337 hpaqmeayouhe
1136 fwdtartngvotfe
1301 fwdtartngvotfe
1301 fwdtartngvotfe
1975 fwdtartngvotfe
1975 fwdtartngvotfe
2407 fwdtartngvotfe
2407 fwdtartngvotfe
2407 fwdtartngvotfe
2407 fwdtartngvotfe
2407 fwdtartngvotfe
917 omryklfnwa
1550 omryklfnwa
1550 omryklfnwa
1550 omryklfnwa
1550 omryklfnwa
1550 omryklfnwa
1708 omryklfnwa
2733 omryklfnwa
2733 omryklfnwa
1399 cmnbbthnde
1399 cmnbbthnde
1399 cmnbbthnde
1399 cmnbbthnde
1731 cmnbbthnde
2167 cmnbbthnde
2167 cmnbbthnde
2035 omryklfnwa
317 hpaqmeayouhe
535 hpaqmeayouhe
535 hpaqmeayouhe
1333 hpaqmeayouhe
2097 hpaqmeayouhe
2097 hpaqmeayouhe
2097 hpaqmeayouhe
2888 hpaqmeayouhe
2654 dazgzomzwcix
2654 dazgzomzwcix
2654 dazgzomzwcix
2811 dazgzomzwcix
3022 dazgzomzwcix
2760 ftxltixslae
1317 sfbfnrfhhkur
1317 sfbfnrfhhkur
1317 sfbfnrfhhkur
1317 sfbfnrfhhkur
1317 sfbfnrfhhkur
1317 sfbfnrfhhkur
1317 sfbfnrfhhkur
1317 sfbfnrfhhkur
1317 sfbfnrfhhkur
1317 sfbfnrfhhkur
1810 sfbfnrfhhkur
1974 sfbfnrfhhkur
2841 sfbfnrfhhkur
1786 fwdtartngvotfe
2555 fwdtartngvotfe
2555 fwdtartngvotfe
2555 fwdtartngvotfe
3153 fwdtartngvotfe
3343 bmdxvycebvbaivc
668 sfbfnrfhhkur
1297 sfbfnrfhhkur
1297 sfbfnrfhhkur
3099 sfbfnrfhhkur
650 fwdtartngvotfe
650 fwdtartngvotfe
650 fwdtartngvotfe
650 fwdtartngvotfe
1538 fwdtartngvotfe
1715 cmnbbthnde
1715 cmnbbthnde
2017 cmnbbthnde
2290 cmnbbthnde
2290 cmnbbthnde
2978 cmnbbthnde
457 bmdxvycebvbaivc
1369 bmdxvycebvbaivc
1369 bmdxvycebvbaivc
3093 bmdxvycebvbaivc
390 omryklfnwa
518 omryklfnwa
518 omryklfnwa
1503 omryklfnwa
1503 omryklfnwa
1503 omryklfnwa
1503 omryklfnwa
2410 omryklfnwa
2960 hpaqmeayouhe
2960 hpaqmeayouhe
2960 hpaqmeayouhe
2960 hpaqmeayouhe
1283 ftxltixslae
1283 ftxltixslae
3076 ftxltixslae
411 omryklfnwa
411 omryklfnwa
2375 omryklfnwa
2769 omryklfnwa
3716 omryklfnwa
3227 hpaqmeayouhe
1554 motvkvgryswbt
1640 motvkvgryswbt
2268 motvkvgryswbt
3095 motvkvgryswbt
3095 motvkvgryswbt
3047 cmnbbthnde
3047 cmnbbthnde
2258 motvkvgryswbt
2258 motvkvgryswbt
2258 motvkvgryswbt
2258 motvkvgryswbt
1946 ftxltixslae
1946 ftxltixslae
2932 ftxltixslae
2087 ftxltixslae
2087 ftxltixslae
2087 ftxltixslae
2087 ftxltixslae
2296 ftxltixslae
2296 ftxltixslae
2525 ftxltixslae
2525 ftxltixslae
3419 ftxltixslae
1866 sfbfnrfhhkur
2402 sfbfnrfhhkur
1403 dazgzomzwcix
1902 dazgzomzwcix
1902 dazgzomzwcix
2865 dazgzomzwcix
2020 fwdtartngvotfe
2020 fwdtartngvotfe
2020 fwdtartngvotfe
3457 motvkvgryswbt
2231 hpaqmeayouhe
2231 hpaqmeayouhe
649 motvkvgryswbt
1101 motvkvgryswbt
1357 motvkvgryswbt
1357 motvkvgryswbt
2329 motvkvgryswbt
2758 motvkvgryswbt
1139 hpaqmeayouhe
1556 hpaqmeayouhe
1906 hpaqmeayouhe
1906 hpaqmeayouhe
1906 hpaqmeayouhe
1906 hpaqmeayouhe
1906 hpaqmeayouhe
1906 hpaqmeayouhe
1886 sfbfnrfhhkur
1886 sfbfnrfhhkur
1886 sfbfnrfhhkur
1886 sfbfnrfhhkur
1886 sfbfnrfhhkur
1886 sfbfnrfhhkur
2406 sfbfnrfhhkur
2406 sfbfnrfhhkur
2008 omryklfnwa
2008 omryklfnwa
2008 omryklfnwa
2008 omryklfnwa
2008 omryklfnwa
2378 lgxnvlgprnbp
2378 lgxnvlgprnbp
3118 lgxnvlgprnbp
795 omryklfnwa
1234 omryklfnwa
2193 omryklfnwa
2816 sfbfnrfhhkur
3003 sfbfnrfhhkur
3003 sfbfnrfhhkur
929 sfbfnrfhhkur
929 sfbfnrfhhkur
1863 sfbfnrfhhkur
2457 sfbfnrfhhkur
2416 motvkvgryswbt
1518 omryklfnwa
1518 omryklfnwa
1518 omryklfnwa
1518 omryklfnwa
1518 omryklfnwa
1518 omryklfnwa
1518 omryklfnwa
1557 omryklfnwa
2028 omryklfnwa
3002 omryklfnwa
495281
